<?xml version="1.0" encoding="UTF-8"?>
<!-- Generated by org.testng.reporters.JUnitXMLReporter -->
<testsuite hostname="INLN56577631A" name="RegressionTest" tests="1" failures="0" timestamp="21 Apr 2019 06:23:44 GMT" time="0.073" errors="0">
  <testcase name="@BeforeMethod startProcess" time="0.0" classname="com.project.NaveenSelenium.TC_004">
    <failure type="java.lang.NullPointerException">
      <![CDATA[java.lang.NullPointerException
	at com.project.NaveenSelenium.BasePage.openBrowser(BasePage.java:104)
	at com.project.NaveenSelenium.TC_004.startProcess(TC_004.java:14)
... Removed 26 stack frames]]>
    </failure>
  </testcase> <!-- @BeforeMethod startProcess -->
  <testcase name="@AfterMethod endProcess" time="0.0" classname="com.project.NaveenSelenium.TC_004">
    <skipped/>
  </testcase> <!-- @AfterMethod endProcess -->
  <testcase name="amazon" time="0.006" classname="com.project.NaveenSelenium.TC_004">
    <skipped/>
  </testcase> <!-- amazon -->
</testsuite> <!-- RegressionTest -->
