<?xml version="1.0" encoding="UTF-8"?>
<testng-results skipped="0" failed="0" total="1" passed="1">
  <reporter-output>
    <line>
      <![CDATA[Starting the testcase TC_007]]>
    </line>
  </reporter-output>
  <suite name="Suite" duration-ms="28823" started-at="2019-04-25T14:00:32Z" finished-at="2019-04-25T14:01:01Z">
    <groups>
    </groups>
    <test name="Test" duration-ms="28823" started-at="2019-04-25T14:00:32Z" finished-at="2019-04-25T14:01:01Z">
      <class name="com.project.NaveenSelenium.TC_007">
        <test-method status="PASS" signature="startprocess()[pri:0, instance:com.project.NaveenSelenium.TC_007@5ce81285]" name="startprocess" is-config="true" duration-ms="14926" started-at="2019-04-25T19:30:32Z" finished-at="2019-04-25T19:30:47Z">
          <reporter-output>
            <line>
              <![CDATA[Starting the testcase TC_007]]>
            </line>
          </reporter-output>
        </test-method> <!-- startprocess -->
        <test-method status="PASS" signature="automationRegistration()[pri:0, instance:com.project.NaveenSelenium.TC_007@5ce81285]" name="automationRegistration" duration-ms="12523" started-at="2019-04-25T19:30:47Z" finished-at="2019-04-25T19:30:59Z">
          <reporter-output>
          </reporter-output>
        </test-method> <!-- automationRegistration -->
        <test-method status="PASS" signature="endprocess()[pri:0, instance:com.project.NaveenSelenium.TC_007@5ce81285]" name="endprocess" is-config="true" duration-ms="1357" started-at="2019-04-25T19:30:59Z" finished-at="2019-04-25T19:31:01Z">
          <reporter-output>
          </reporter-output>
        </test-method> <!-- endprocess -->
      </class> <!-- com.project.NaveenSelenium.TC_007 -->
    </test> <!-- Test -->
  </suite> <!-- Suite -->
</testng-results>
